{
  "RSpec": {
    "coverage": {
      "/Users/inbarvernia/Projects/Week10/makers-bank-tech-test/spec/features/banking_spec.rb": {
        "lines": [
          null,
          null,
          1,
          null,
          1,
          1,
          1,
          1,
          1,
          1,
          1,
          null,
          null,
          null,
          1,
          1,
          1,
          1,
          1,
          1,
          null,
          null,
          null,
          1,
          1,
          1,
          1,
          1,
          2,
          null,
          null,
          null,
          1,
          1,
          1,
          1,
          2,
          null,
          null,
          null,
          1,
          1,
          1,
          1,
          1,
          1,
          1,
          1,
          2,
          null,
          null,
          null,
          null,
          null,
          null
        ]
      },
      "/Users/inbarvernia/Projects/Week10/makers-bank-tech-test/lib/bank_account.rb": {
        "lines": [
          null,
          null,
          1,
          1,
          null,
          null,
          1,
          1,
          null,
          1,
          20,
          20,
          null,
          null,
          1,
          12,
          null,
          10,
          10,
          10,
          null,
          null,
          1,
          10,
          null,
          8,
          8,
          null,
          8,
          null,
          null,
          1,
          6,
          6,
          null,
          null,
          1,
          null,
          1,
          18,
          18,
          null,
          null,
          1,
          6,
          null,
          null,
          1,
          6,
          6,
          8,
          null,
          6,
          null,
          null
        ]
      },
      "/Users/inbarvernia/Projects/Week10/makers-bank-tech-test/lib/transaction.rb": {
        "lines": [
          null,
          null,
          null,
          1,
          1,
          null,
          1,
          16,
          16,
          16,
          null,
          null,
          1,
          7,
          7,
          4,
          null,
          3,
          null,
          null,
          7,
          null,
          null
        ]
      },
      "/Users/inbarvernia/Projects/Week10/makers-bank-tech-test/spec/units/bank_account_spec.rb": {
        "lines": [
          null,
          null,
          1,
          null,
          1,
          1,
          5,
          2,
          null,
          1,
          1,
          1,
          null,
          null,
          1,
          1,
          4,
          null,
          1,
          1,
          null,
          1,
          4,
          null,
          1,
          1,
          1,
          1,
          null,
          null,
          1,
          1,
          2,
          2,
          null,
          null,
          null,
          null,
          1,
          1,
          1,
          null,
          null,
          1,
          1,
          4,
          null,
          1,
          1,
          null,
          1,
          4,
          null,
          1,
          1,
          1,
          1,
          null,
          null,
          1,
          1,
          2,
          2,
          null,
          null,
          null,
          null,
          1,
          1,
          1,
          2,
          null,
          null,
          1,
          1,
          1,
          1,
          2,
          null,
          null,
          1,
          1,
          1,
          1,
          1,
          1,
          2,
          null,
          null,
          null,
          null
        ]
      },
      "/Users/inbarvernia/Projects/Week10/makers-bank-tech-test/spec/units/transaction_spec.rb": {
        "lines": [
          1,
          null,
          1,
          4,
          3,
          2,
          null,
          1,
          1,
          1,
          1,
          1,
          null,
          null,
          null,
          1,
          1,
          1,
          1,
          null,
          null,
          1,
          1,
          1,
          null,
          null,
          null,
          null
        ]
      }
    },
    "timestamp": 1620230684
  }
}
