{
  "RSpec": {
    "coverage": {
      "/Users/inbarvernia/Projects/Week10/makers-bank-tech-test/spec/bank_account_spec.rb": {
        "lines": [
          null,
          null,
          1,
          null,
          1,
          3,
          null,
          1,
          1,
          1,
          null,
          null,
          1,
          1,
          4,
          null,
          null,
          1,
          1,
          2,
          2,
          null,
          null,
          null,
          1,
          1,
          1,
          1,
          1,
          null,
          null,
          1,
          1,
          1,
          1,
          null,
          null,
          null,
          null,
          1,
          1,
          1,
          null,
          1,
          1,
          4,
          null,
          null,
          1,
          1,
          2,
          2,
          null,
          null,
          null,
          1,
          1,
          1,
          1,
          1,
          null,
          null,
          1,
          1,
          1,
          1,
          null,
          null,
          null,
          null,
          1,
          1,
          1,
          2,
          null,
          null,
          null,
          1,
          1,
          1,
          1,
          2,
          null,
          null,
          null,
          null,
          1,
          1,
          1,
          1,
          2,
          null,
          null,
          null,
          null,
          1,
          1,
          1,
          1,
          1,
          1,
          1,
          1,
          2,
          null,
          null,
          null,
          null,
          null
        ]
      },
      "/Users/inbarvernia/Projects/Week10/makers-bank-tech-test/lib/bank_account.rb": {
        "lines": [
          null,
          null,
          1,
          null,
          1,
          1,
          null,
          1,
          14,
          14,
          null,
          null,
          1,
          8,
          null,
          6,
          6,
          null,
          null,
          1,
          7,
          null,
          5,
          5,
          null,
          null,
          null,
          1,
          4,
          4,
          null,
          null,
          1,
          null,
          1,
          null,
          11,
          null,
          null,
          null,
          11,
          null,
          null,
          1,
          4,
          null,
          null,
          1,
          4,
          4,
          5,
          5,
          3,
          null,
          2,
          null,
          null,
          5,
          5,
          null,
          4,
          null,
          null
        ]
      }
    },
    "timestamp": 1620217541
  }
}
